<?xml version="1.0" encoding="UTF-8"?>
<testsuite xmlns:xsi="http://www.w3.org/2001/XMLSchema-instance" xsi:noNamespaceSchemaLocation="https://maven.apache.org/surefire/maven-surefire-plugin/xsd/surefire-test-report-3.0.xsd" version="3.0" name="com.sooraj.MyDemojenkin.MyDemojenkinApplicationTests" time="5.976" tests="1" errors="0" skipped="0" failures="0">
  <properties>
[...]
</properties>
  <testcase name="contextLoads" classname="com.sooraj.MyDemojenkin.MyDemojenkinApplicationTests" time="1.573">
    <system-out><![CDATA[22:12:10.821 [main] INFO org.springframework.test.context.support.AnnotationConfigContextLoaderUtils -- Could not detect default configuration classes for test class [com.sooraj.MyDemojenkin.MyDemojenkinApplicationTests]: MyDemojenkinApplicationTests does not declare any static, non-private, non-final, nested classes annotated with @Configuration.
22:12:11.097 [main] INFO org.springframework.boot.test.context.SpringBootTestContextBootstrapper -- Found @SpringBootConfiguration com.sooraj.MyDemojenkin.MyDemojenkinApplication for test class com.sooraj.MyDemojenkin.MyDemojenkinApplicationTests

  .   ____          _            __ _ _
 /\\ / ___'_ __ _ _(_)_ __  __ _ \ \ \ \
( ( )\___ | '_ | '_| | '_ \/ _` | \ \ \ \
 \\/  ___)| |_)| | | | | || (_| |  ) ) ) )
  '  |____| .__|_| |_|_| |_\__, | / / / /
 =========|_|==============|___/=/_/_/_/

 :: Spring Boot ::                (v3.3.6)

2024-12-14T22:12:11.950+05:30  INFO 1728 --- [MyDemojenkin] [           main] c.s.M.MyDemojenkinApplicationTests       : Starting MyDemojenkinApplicationTests using Java 18.0.2.1 with PID 1728 (started by soora in C:\Users\soora\Downloads\MyDemojenkin)
2024-12-14T22:12:11.954+05:30  INFO 1728 --- [MyDemojenkin] [           main] c.s.M.MyDemojenkinApplicationTests       : No active profile set, falling back to 1 default profile: "default"
2024-12-14T22:12:14.770+05:30  INFO 1728 --- [MyDemojenkin] [           main] c.s.M.MyDemojenkinApplicationTests       : Started MyDemojenkinApplicationTests in 3.376 seconds (process running for 5.602)
]]></system-out>
  </testcase>
</testsuite>